<?xml version="1.0" encoding="UTF-8"?>
<testsuite name="Cucumber" time="15.067" tests="1" skipped="0" failures="1" errors="0">
<testcase classname="Plansource Platform" name="Create Employee and Benifits - Example #1.1" time="14.853">
<failure type="org.openqa.selenium.ElementClickInterceptedException" message="element click intercepted: Element &lt;select name=&quot;gender&quot; id=&quot;gender&quot; size=&quot;1&quot; class=&quot;form-control normal is-invalid&quot; placeholder=&quot;Gender&quot;&gt;...&lt;/select&gt; is not clickable at point (644, 656). Other element would receive the click: &lt;input type=&quot;text&quot; name=&quot;work_phone&quot; id=&quot;work_phone&quot; autocomplete=&quot;off&quot; data-mask-format=&quot;phone&quot; class=&quot;form-control is-masked&quot; placeholder=&quot;Office Phone&quot;&gt;
  (Session info: chrome=137.0.7151.41)
Build info: version: '4.14.0', revision: 'e5a96349ce'
System info: os.name: 'Windows 11', os.arch: 'amd64', os.version: '10.0', java.version: '23.0.1'
Driver info: org.openqa.selenium.chrome.ChromeDriver
Command: [1ff9ba1124a5e300b854fcae6532544d, clickElement {id=f.625A7FB2BDC2EAF5C18DB45F0E94587B.d.E74F2195A8B8CBC43D793C19CB628E5D.e.99}]
Capabilities {acceptInsecureCerts: false, browserName: chrome, browserVersion: 137.0.7151.41, chrome: {chromedriverVersion: 137.0.7151.40 (84781974514a..., userDataDir: C:\Users\SHASHI~1.SAJ\AppDa...}, fedcm:accounts: true, goog:chromeOptions: {debuggerAddress: localhost:57012}, networkConnectionEnabled: false, pageLoadStrategy: normal, platformName: windows, proxy: Proxy(), se:cdp: ws://localhost:57012/devtoo..., se:cdpVersion: 137.0.7151.41, setWindowRect: true, strictFileInteractability: false, timeouts: {implicit: 0, pageLoad: 300000, script: 30000}, unhandledPromptBehavior: dismiss and notify, webauthn:extension:credBlob: true, webauthn:extension:largeBlob: true, webauthn:extension:minPinLength: true, webauthn:extension:prf: true, webauthn:virtualAuthenticators: true}
Element: [[ChromeDriver: chrome on windows (1ff9ba1124a5e300b854fcae6532544d)] -&gt; xpath: //select[@id='gender']]
Session ID: 1ff9ba1124a5e300b854fcae6532544d">
<![CDATA[org.openqa.selenium.ElementClickInterceptedException: element click intercepted: Element <select name="gender" id="gender" size="1" class="form-control normal is-invalid" placeholder="Gender">...</select> is not clickable at point (644, 656). Other element would receive the click: <input type="text" name="work_phone" id="work_phone" autocomplete="off" data-mask-format="phone" class="form-control is-masked" placeholder="Office Phone">
  (Session info: chrome=137.0.7151.41)
Build info: version: '4.14.0', revision: 'e5a96349ce'
System info: os.name: 'Windows 11', os.arch: 'amd64', os.version: '10.0', java.version: '23.0.1'
Driver info: org.openqa.selenium.chrome.ChromeDriver
Command: [1ff9ba1124a5e300b854fcae6532544d, clickElement {id=f.625A7FB2BDC2EAF5C18DB45F0E94587B.d.E74F2195A8B8CBC43D793C19CB628E5D.e.99}]
Capabilities {acceptInsecureCerts: false, browserName: chrome, browserVersion: 137.0.7151.41, chrome: {chromedriverVersion: 137.0.7151.40 (84781974514a..., userDataDir: C:\Users\SHASHI~1.SAJ\AppDa...}, fedcm:accounts: true, goog:chromeOptions: {debuggerAddress: localhost:57012}, networkConnectionEnabled: false, pageLoadStrategy: normal, platformName: windows, proxy: Proxy(), se:cdp: ws://localhost:57012/devtoo..., se:cdpVersion: 137.0.7151.41, setWindowRect: true, strictFileInteractability: false, timeouts: {implicit: 0, pageLoad: 300000, script: 30000}, unhandledPromptBehavior: dismiss and notify, webauthn:extension:credBlob: true, webauthn:extension:largeBlob: true, webauthn:extension:minPinLength: true, webauthn:extension:prf: true, webauthn:virtualAuthenticators: true}
Element: [[ChromeDriver: chrome on windows (1ff9ba1124a5e300b854fcae6532544d)] -> xpath: //select[@id='gender']]
Session ID: 1ff9ba1124a5e300b854fcae6532544d
	at java.base/jdk.internal.reflect.DirectConstructorHandleAccessor.newInstance(DirectConstructorHandleAccessor.java:62)
	at java.base/java.lang.reflect.Constructor.newInstanceWithCaller(Constructor.java:501)
	at java.base/java.lang.reflect.Constructor.newInstance(Constructor.java:485)
	at org.openqa.selenium.remote.codec.w3c.W3CHttpResponseCodec.createException(W3CHttpResponseCodec.java:200)
	at org.openqa.selenium.remote.codec.w3c.W3CHttpResponseCodec.decode(W3CHttpResponseCodec.java:133)
	at org.openqa.selenium.remote.codec.w3c.W3CHttpResponseCodec.decode(W3CHttpResponseCodec.java:52)
	at org.openqa.selenium.remote.HttpCommandExecutor.execute(HttpCommandExecutor.java:191)
	at org.openqa.selenium.remote.service.DriverCommandExecutor.invokeExecute(DriverCommandExecutor.java:196)
	at org.openqa.selenium.remote.service.DriverCommandExecutor.execute(DriverCommandExecutor.java:171)
	at org.openqa.selenium.remote.RemoteWebDriver.execute(RemoteWebDriver.java:602)
	at org.openqa.selenium.remote.RemoteWebElement.execute(RemoteWebElement.java:224)
	at org.openqa.selenium.remote.RemoteWebElement.click(RemoteWebElement.java:77)
	at CommonStepsDefinitions.CommonAction.selectValueByVisibleText(CommonAction.java:118)
	at AutomationStepDefinitions.CreateEmployee.createEmployeeWithFollowingBasicAndContactData(CreateEmployee.java:68)
	at ✽.Create Employee with following basic and Contact data:(file:///C:/Users/shashikumar.sajjan/TestBDD/src/test/resources/Features/PlanSource.feature:7)
]]>
</failure>
<system-out><![CDATA[
Given Login to Plansource Portal............................................passed
And Click on Add New Employee...............................................passed
When Create Employee with following basic and Contact data:.................failed
And User clicks on "New Hire Enrollment"....................................skipped
And User clicks on "Get Started"............................................skipped
And User click on Review My Family to fill depeendent details...............skipped
Then User click on Add Family Member button.................................skipped
And Enter the dependents basic information with following data:.............skipped
And User click on Medical Shops Plan and Available Plan.....................skipped
Then Enroll Employee into Dental Benefits via API...........................skipped
And Click on Admin and Proceed To Checkout..................................skipped
]]></system-out>
</testcase>
</testsuite>
