<?xml version="1.0" encoding="UTF-8"?>
<testsuite xmlns:xsi="http://www.w3.org/2001/XMLSchema-instance" xsi:noNamespaceSchemaLocation="https://maven.apache.org/surefire/maven-surefire-plugin/xsd/surefire-test-report-3.0.xsd" version="3.0" name="AutomationCucumberTest.TestRunner" time="103.387" tests="1" errors="0" skipped="0" failures="0">
  <properties>
[...]
</properties>
  <testcase name="Create Employee and Benifits" classname="Plansource Platform" time="102.522">
    <system-out><![CDATA[
@web
Scenario: Create Employee and Benifits                            # src/test/resources/Features/PlanSource.feature:4
lauch url>>>>>>
Inside click
outside click
Session ID: e905c78ec42eba2f9188cb76504bc1ee
  Given Login to Plansource Portal                                # AutomationStepDefinitions.Login.loginToPlansourcePortal()
Inside click
outside click
  And Click on Add New Employee                                   # AutomationStepDefinitions.CreateEmployee.clickOnAddNewEmployee()
 Inside selectValueByvisibleText
 Inside selectValueByvisibleText
 Inside selectValueByvisibleText
 Inside selectValueByvisibleText
  When Create Employee with following basic and Contact data:     # AutomationStepDefinitions.CreateEmployee.createEmployeeWithFollowingBasicAndContactData(io.cucumber.datatable.DataTable)
    | first_name          | Teet         |
    | last_name           | USER         |
    | password            | sjheiufd24   |
    | ssn_text            | 606025980    |
    | address_1           | 202 hartnell |
    | city                | town         |
    | stateTypeahead      | mexico       |
    | zip_code            | 58930        |
    | countryTypeahead    | Uganda       |
    | birthdate           | 05/12/1998   |
    | gender              | Male         |
    | marital_status      | Married      |
    | hire_date           | 05/05/2025   |
    | benefits_start_date | 05/05/2025   |
    | employment_level    | P            |
    | location            | SCA          |
    | current_salary      | 20000        |
    | benefit_salary      | 10000        |
Inside click
outside click
  And User click on Empolyee details Save button                  # AutomationStepDefinitions.CreateEmployee.userClickOnEmpolyeeDetailsSaveButton()
  And User clicks on "New Hire Enrollment"                        # AutomationStepDefinitions.CreateEmployee.userClicksOn(java.lang.String)
  And User clicks on "Get Started"                                # AutomationStepDefinitions.CreateEmployee.userClicksOn(java.lang.String)
  And User click on Review My Family to fill depeendent details   # AutomationStepDefinitions.CreateEmployee.userClickOnReviewMyFamilyToFillDepeendentDetails()
  Then User click on Add Family Member button                     # AutomationStepDefinitions.CreateEmployee.userClickOnAddFamilyMemberButton()
 Inside selectValueByvisibleText
 Inside selectValueByvisibleText
Inside click
outside click
Inside click
outside click
  And Enter the dependents basic information with following data: # AutomationStepDefinitions.CreateEmployee.enterTheDependentsBasicInformationWithFollowingData(io.cucumber.datatable.DataTable)
    | first_name   | trgg       |
    | last_name    | rswut      |
    | gender       | Male       |
    | birthdate    | 05/12/2001 |
    | relationship | Child      |
Inside click
outside click
Inside click
outside click
Inside click
outside click
  And User click on Medical Shops Plan and Available Plan         # AutomationStepDefinitions.CreateEmployee.userClickOnMedicalShopsPlanAndAvailablePlan()
Status Code: 200
Response Body: {"status":"success","data":{"coverage_id":959957508,"dependency_info":[],"benefits":[{"org_plan_year_id":9393668,"org_benefit_id":121136132,"org_benefit_name":"Medical","benefit_class":"tier","visible_in_enroll_list":true,"visible_in_enroll_step":true,"visible_on_confirmation":true,"display_order":1,"beneficiary_required":false,"beneficiary_optional_admin":false,"beneficiary_required_lookup_code":"Not Applicable","benefit_lookup_code":"medical","benefit_category":"Medical","benefit_dependencies":[],"dependents_allowed":true,"annual_payday_count":24,"active_enrollment_required":true,"hide_volume_on_confirm":false,"hide_cost_if_empty":false,"hide_cost_on_confirm":false,"hide_if_terminated":false,"hide_current_selection":false,"premium_method":"tier","enrollment_method":"standard","eoi_text":"EOI Required","eoi_contingent_text":"","volume_text":"Volume","udef":null,"requires_waive_info":false,"coverage":null,"hide_effective_dates_on_confirm":false,"volume_hour_based":false,"qmcso_enabled":false,"match_level_benefit_lookup_code":null,"benefit_plugin":null,"decision_support_type":null,"page_content_summary":"For specific plan coverage information, review the plan details.Selecting a group Medical Plan provides:\nGuaranteed coverage at the most affordable rate\nLower costs by securing discounted rates at participating providers\nProtection for your finances and the health of you and your family\nThe cost of health care is rising so it is more important than ever to make sure you have health insurance.","org_benefit_category":"category_1","eligible_plan_levels":true},{"org_plan_year_id":9393668,"org_benefit_id":121137668,"org_benefit_name":"Dental","benefit_class":"tier","visible_in_enroll_list":true,"visible_in_enroll_step":true,"visible_on_confirmation":true,"display_order":4,"beneficiary_required":false,"beneficiary_optional_admin":false,"beneficiary_required_lookup_code":"Not Applicable","benefit_lookup_code":"dental","benefit_category":"Health \u0026 Wellness","benefit_dependencies":[],"dependents_allowed":true,"annual_payday_count":24,"active_enrollment_required":true,"hide_volume_on_confirm":false,"hide_cost_if_empty":false,"hide_cost_on_confirm":false,"hide_if_terminated":false,"hide_current_selection":false,"premium_method":"tier","enrollment_method":"standard","eoi_text":"EOI Required","eoi_contingent_text":"","volume_text":"Volume","udef":null,"requires_waive_info":false,"coverage":{"coverage_id":959957508,"req_org_plan_id":319901188,"req_org_plan_name":"Decline","req_org_plan_name_confirm_override":null,"org_plan_id":319901188,"org_plan_name":"Decline","org_plan_name_confirm_override":null,"plan_lookup_code":"generic","is_dependent_only_plan":false,"high_deductible":false,"req_coverage_level_id":137,"req_coverage_level_name":"Other (DO NOT USE)","req_coverage_level_lookup_code":null,"req_show_level_name_on_confirm":true,"coverage_level_id":137,"coverage_level_name":"Other (DO NOT USE)","coverage_level_lookup_code":null,"show_level_name_on_confirm":true,"tax_treatment":"posttax","calculate_imputed_income":false,"waived":true,"original_effective_date":"2025/05/05","change_effective_date":"2025/05/05","termination_date":"2025/05/05","req_subscriber_premium":"0.0","req_subscriber_premium_monthly":"0.0","subscriber_premium":"0.0","subscriber_premium_monthly":"0.0","req_org_premium":"0.0","req_org_premium_monthly":"0.0","org_premium":"0.0","org_premium_monthly":"0.0","req_imputed_income":"0.0","imputed_income":"0.0","req_dp_sub_imputed_income":"0.0","dp_sub_imputed_income":"0.0","req_dp_org_imputed_income":"0.0","dp_org_imputed_income":"0.0","req_carrier_name":"Generic","carrier_name":"Generic","pcp_code_setting":null,"pcp_name_setting":null,"pcp_code_regex":null,"pcp_code_valid_text":null,"pcp_code1":null,"pcp_name1":null,"pcp_existing_patient1":null,"carrier_logo_url":null,"carrier_lookup_code":"generic","req_dependents":[],"dependent_coverages":[],"waiting_for_eoi":false,"eoi_data":{},"waiting_for_doc_requests":false,"waiting_for_parent_eoi_contingency":false,"warning_dependencies":null,"updated_at":"2025-05-26T13:52:11Z","in_shopping_cart":false,"requires_esign":false,"esignature_required":false,"allow_admin_esign":false,"signature_type":"password","esigned":false,"plan_year_start_date":"2024/08/01","plan_year_end_date":"2025/07/30","notices":[],"has_popup_content":false,"coverage_lines":[],"rider_coverages":[],"stacked_rider_coverages":[],"is_coverage_hsa":false,"coverage_policies":{"future_cancel_date":null},"defined_benefit_credits":[]},"hide_effective_dates_on_confirm":false,"volume_hour_based":false,"qmcso_enabled":false,"match_level_benefit_lookup_code":null,"benefit_plugin":null,"decision_support_type":null,"page_content_summary":"Take care of your oral health and set yourself up with healthy habits with Quality Dental Insurance.With a large network of dentists, you can rest assured that you are getting the care you need at a price that will save you money while keeping you healthy. According to the CDC, nearly half of all adults aged 30 or older show signs of gum disease. Invest in your oral health with coverage for annual cleanings, screenings, and various oral procedures with Dental Insurance.Browse our network of p...","org_benefit_category":"category_1","eligible_plan_levels":true},{"org_plan_year_id":9393668,"org_benefit_id":121138180,"org_benefit_name":"Vision","benefit_class":"tier","visible_in_enroll_list":true,"visible_in_enroll_step":true,"visible_on_confirmation":true,"display_order":5,"beneficiary_required":false,"beneficiary_optional_admin":false,"beneficiary_required_lookup_code":"Not Applicable","benefit_lookup_code":"vision","benefit_category":"Health \u0026 Wellness","benefit_dependencies":[],"dependents_allowed":true,"annual_payday_count":24,"active_enrollment_required":true,"hide_volume_on_confirm":false,"hide_cost_if_empty":false,"hide_cost_on_confirm":false,"hide_if_terminated":false,"hide_current_selection":false,"premium_method":"tier","enrollment_method":"standard","eoi_text":"Requires Approval","eoi_contingent_text":"","volume_text":"Volume","udef":null,"requires_waive_info":false,"coverage":null,"hide_effective_dates_on_confirm":false,"volume_hour_based":false,"qmcso_enabled":false,"match_level_benefit_lookup_code":null,"benefit_plugin":null,"decision_support_type":null,"page_content_summary":"Focus on your vision health and protect your sight with Vision Insurance.\n\n\n\nGetting your vision checked regularly is important. Even if you have an eagle eye now, you will likely need some form of corrective lenses in your future. In fact, nearly 75% of Americans wear some form of corrected lenses1, so proper eye exams are becoming more common.\n\n\n\nSave money and get annual eye checkups by adding vision insurance below.\n\n\n\n1 Vision Correction, The Vision Council https://www.thevisioncouncil.o...","org_benefit_category":"category_1","eligible_plan_levels":true},{"org_plan_year_id":9393668,"org_benefit_id":121139716,"org_benefit_name":"Voluntary Employee Life","benefit_class":"volume","visible_in_enroll_list":true,"visible_in_enroll_step":true,"visible_on_confirmation":true,"display_order":8,"beneficiary_required":true,"beneficiary_optional_admin":false,"beneficiary_required_lookup_code":"Required","benefit_lookup_code":"subscriber_life","benefit_category":"Wealth \u0026 Financial","benefit_dependencies":[],"dependents_allowed":false,"annual_payday_count":24,"active_enrollment_required":true,"hide_volume_on_confirm":false,"hide_cost_if_empty":false,"hide_cost_on_confirm":false,"hide_if_terminated":false,"hide_current_selection":false,"premium_method":"tier","enrollment_method":"increments","eoi_text":"EOI Required","eoi_contingent_text":null,"volume_text":"Volume","udef":null,"requires_waive_info":false,"coverage":null,"hide_effective_dates_on_confirm":false,"volume_hour_based":false,"qmcso_enabled":false,"match_level_benefit_lookup_code":null,"benefit_plugin":null,"decision_support_type":null,"page_content_summary":"Increase your protection with an Accidental Death \u0026 Dismemberment (AD\u0026D) plan.With accidents being the fourth leading cause of death in the United States1, its important to know about ways to protect yourself financially from such events. ","org_benefit_category":"category_3","eligible_plan_levels":true}],"defined_benefit_contributions":[],"related_coverage_changes":null}}
  Then Enroll Employee into Dental Benefits via API               # AutomationStepDefinitions.CreateEmployee.enrollEmployeeIntoDentalBenefitsViaAPI()
Inside click
outside click
Inside click
outside click
Inside click
outside click
Inside click
outside click
Inside click
outside click
 File download failed or timed out.
  And Click on Admin and Proceed To Checkout                      # AutomationStepDefinitions.CreateEmployee.clickOnAdminAndProceedToCheckout()
]]></system-out>
    <system-err><![CDATA[SLF4J: No SLF4J providers were found.
SLF4J: Defaulting to no-operation (NOP) logger implementation
SLF4J: See http://www.slf4j.org/codes.html#noProviders for further details.
May 26, 2025 7:21:17 PM org.openqa.selenium.devtools.CdpVersionFinder findNearestMatch
WARNING: Unable to find CDP implementation matching 137
May 26, 2025 7:21:17 PM org.openqa.selenium.chromium.ChromiumDriver lambda$new$5
WARNING: Unable to find version of CDP to use for 137.0.7151.41. You may need to include a dependency on a specific version of the CDP using something similar to `org.seleniumhq.selenium:selenium-devtools-v86:4.14.0` where the version ("v86") matches the version of the chromium-based browser you're using and the version number of the artifact is the same as Selenium's.
]]></system-err>
  </testcase>
</testsuite>